This is pdfTeX, Version 3.141592653-2.6-1.40.24 (MiKTeX 22.10) (preloaded format=pdflatex 2023.5.18)  18 MAY 2023 16:57
entering extended mode
 restricted \write18 enabled.
 file:line:error style messages enabled.
 %&-line parsing enabled.
**./report.tex
(report.tex
LaTeX2e <2022-06-01> patch level 5
L3 programming layer <2022-09-28>
(D:\Program Files\miktex\tex/latex/l3backend\l3backend-pdftex.def
File: l3backend-pdftex.def 2022-09-28 L3 backend support: PDF output (pdfTeX)
\l__color_backend_stack_int=\count185
\l__pdf_internal_box=\box51
)
(D:/work\group5-hw-3-Algorhythmics\auxil\report.aux)
\openout1 = `report.aux'.

LaTeX Font Info:    Checking defaults for OML/cmm/m/it on input line 2.
LaTeX Font Info:    ... okay on input line 2.
LaTeX Font Info:    Checking defaults for OMS/cmsy/m/n on input line 2.
LaTeX Font Info:    ... okay on input line 2.
LaTeX Font Info:    Checking defaults for OT1/cmr/m/n on input line 2.
LaTeX Font Info:    ... okay on input line 2.
LaTeX Font Info:    Checking defaults for T1/cmr/m/n on input line 2.
LaTeX Font Info:    ... okay on input line 2.
LaTeX Font Info:    Checking defaults for TS1/cmr/m/n on input line 2.
LaTeX Font Info:    ... okay on input line 2.
LaTeX Font Info:    Checking defaults for OMX/cmex/m/n on input line 2.
LaTeX Font Info:    ... okay on input line 2.
LaTeX Font Info:    Checking defaults for U/cmr/m/n on input line 2.
LaTeX Font Info:    ... okay on input line 2.


report.tex:2: LaTeX Error: The font size command \normalsize is not defined:
               there is probably something wrong with the class file.

See the LaTeX manual or LaTeX Companion for explanation.
Type  H <return>  for immediate help.
 ...                                              
                                                  
l.2 \begin{document}
                    
Your command was ignored.
Type  I <command> <return>  to replace it with another command,
or  <return>  to continue without it.


report.tex:5: LaTeX Error: The font size command \normalsize is not defined:
               there is probably something wrong with the class file.

See the LaTeX manual or LaTeX Companion for explanation.
Type  H <return>  for immediate help.
 ...                                              
                                                  
l.5 \end{document}
                  
Your command was ignored.
Type  I <command> <return>  to replace it with another command,
or  <return>  to continue without it.

[1{C:/Users/57803/AppData/Local/MiKTeX/fonts/map/pdftex/pdftex.map}]
(D:/work\group5-hw-3-Algorhythmics\auxil\report.aux) ) 
Here is how much of TeX's memory you used:
 218 strings out of 475385
 5969 string characters out of 2786722
 344913 words of memory out of 3000000
 21687 multiletter control sequences out of 15000+600000
 469259 words of font info for 28 fonts, out of 8000000 for 9000
 1141 hyphenation exceptions out of 8191
 33i,5n,35p,129b,76s stack positions out of 10000i,1000n,20000p,200000b,80000s
<D:/Program Files/miktex/
fonts/type1/public/amsfonts/cm/cmr10.pfb>
Output written on D:/work\group5-hw-3-Algorhythmics\out\report.pdf (1 page, 164
48 bytes).
PDF statistics:
 11 PDF objects out of 1000 (max. 8388607)
 0 named destinations out of 1000 (max. 500000)
 1 words of extra memory for PDF output out of 10000 (max. 10000000)

